<?xml version="1.0" encoding="UTF-8"?>
<!-- Generated by org.testng.reporters.JUnitReportReporter -->
<testsuite hostname="PF2CQ1Z0-AL1" failures="0" tests="2" name="Selenium_Training.TestNG" time="0.005" errors="0" timestamp="2023-03-07T13:44:05 IST" skipped="0">
  <testcase classname="Selenium_Training.TestNG" name="testCase1" time="0.003"/>
  <system-out/>
  <testcase classname="Selenium_Training.TestNG" name="testCase2" time="0.002"/>
  <system-out/>
</testsuite> <!-- Selenium_Training.TestNG -->
