<?xml version="1.0" encoding="UTF-8"?>
<!-- Generated by org.testng.reporters.JUnitReportReporter -->
<testsuite hostname="PF2CQ1Z0-AL1" failures="0" tests="2" name="Selenium_Training.ListnerDemo1" time="10.435" errors="0" timestamp="2023-02-16T20:31:02 IST" skipped="0">
  <testcase classname="Selenium_Training.ListnerDemo1" name="googletitleverify" time="10.433"/>
  <system-out/>
  <testcase classname="Selenium_Training.ListnerDemo1" name="Titlematch" time="0.002"/>
  <system-out/>
</testsuite> <!-- Selenium_Training.ListnerDemo1 -->
