<?xml version="1.0" encoding="UTF-8"?>
<!-- Generated by org.testng.reporters.JUnitReportReporter -->
<testsuite hostname="PF2CQ1Z0-AL1" failures="0" tests="7" name="Selenium_Training.TESTNG_PRIORITY_DEMO" time="0.008" errors="0" timestamp="2023-02-17T15:51:22 IST" skipped="0">
  <testcase classname="Selenium_Training.TESTNG_PRIORITY_DEMO" name="BrowserOpening" time="0.004"/>
  <system-out/>
  <testcase classname="Selenium_Training.TESTNG_PRIORITY_DEMO" name="Login" time="0.001"/>
  <system-out/>
  <testcase classname="Selenium_Training.TESTNG_PRIORITY_DEMO" name="SearchProduct" time="0.000"/>
  <system-out/>
  <testcase classname="Selenium_Training.TESTNG_PRIORITY_DEMO" name="AddToCart" time="0.001"/>
  <system-out/>
  <testcase classname="Selenium_Training.TESTNG_PRIORITY_DEMO" name="PaymentGateway" time="0.001"/>
  <system-out/>
  <testcase classname="Selenium_Training.TESTNG_PRIORITY_DEMO" name="OrderConfirmation" time="0.000"/>
  <system-out/>
  <testcase classname="Selenium_Training.TESTNG_PRIORITY_DEMO" name="Logout" time="0.001"/>
  <system-out/>
</testsuite> <!-- Selenium_Training.TESTNG_PRIORITY_DEMO -->
