<?xml version="1.0" encoding="UTF-8"?>
<!-- Generated by org.testng.reporters.JUnitReportReporter -->
<testsuite hostname="PF2CQ1Z0-AL1" failures="0" tests="4" name="Selenium_Training.TestMethods" time="79.545" errors="0" timestamp="2023-03-07T14:08:21 IST" skipped="0">
  <testcase classname="Selenium_Training.TestMethods" name="flipkart" time="26.245"/>
  <system-out/>
  <testcase classname="Selenium_Training.TestMethods" name="googleverification" time="14.593"/>
  <system-out/>
  <testcase classname="Selenium_Training.TestMethods" name="facebook" time="17.764"/>
  <system-out/>
  <testcase classname="Selenium_Training.TestMethods" name="Amazon" time="20.943"/>
  <system-out/>
</testsuite> <!-- Selenium_Training.TestMethods -->
