<?xml version="1.0" encoding="UTF-8"?>
<!-- Generated by org.testng.reporters.JUnitReportReporter -->
<testsuite hostname="PF2CQ1Z0-AL1" failures="0" tests="1" name="test.TestGreyHRLogin" time="6.104" errors="0" timestamp="2023-02-23T11:05:29 IST" skipped="0">
  <testcase classname="test.TestGreyHRLogin" name="login" time="6.104"/>
  <system-out/>
</testsuite> <!-- test.TestGreyHRLogin -->
